2026-02-19 23:43:19,990 - INFO - [31m[1mWARNING: This is a development server. Do not use it in a production deployment. Use a production WSGI server instead.[0m
 * Running on http://localhost:8080
2026-02-19 23:43:19,990 - INFO - [33mPress CTRL+C to quit[0m
2026-02-19 23:43:44,623 - DEBUG - /home: Page Served
2026-02-19 23:43:44,627 - INFO - 127.0.0.1 - - [19/Feb/2026 23:43:44] "GET / HTTP/1.1" 200 -
2026-02-19 23:43:57,119 - DEBUG - routes.py>get_client(): User Agent added: Vishal Mehta (vvmehta06@gmail.com)
2026-02-19 23:43:57,124 - DEBUG - Starting new HTTPS connection (1): efts.sec.gov:443
2026-02-19 23:43:57,443 - DEBUG - https://efts.sec.gov:443 "GET /LATEST/search-index?keysTyped=AAPL HTTP/1.1" 200 404
2026-02-19 23:43:57,443 - DEBUG - app>Client.py>Client>get_cik: CIK Fetched: AAPL
2026-02-19 23:43:57,446 - DEBUG - Starting new HTTPS connection (1): data.sec.gov:443
2026-02-19 23:43:58,013 - DEBUG - https://data.sec.gov:443 "GET /submissions//CIK0000320193.json HTTP/1.1" 200 28573
2026-02-19 23:43:58,022 - DEBUG - Starting new HTTPS connection (1): data.sec.gov:443
2026-02-19 23:43:58,431 - DEBUG - https://data.sec.gov:443 "GET /submissions//CIK0000320193-submissions-001.json HTTP/1.1" 200 33587
2026-02-19 23:43:58,461 - DEBUG - Starting new HTTPS connection (1): www.sec.gov:443
2026-02-19 23:43:58,801 - DEBUG - https://www.sec.gov:443 "GET /Archives/edgar/data/320193/000032019326000006/FilingSummary.xml HTTP/1.1" 200 2741
2026-02-19 23:43:58,817 - DEBUG - Starting new HTTPS connection (1): www.sec.gov:443
2026-02-19 23:43:59,078 - DEBUG - https://www.sec.gov:443 "GET /Archives/edgar/data/320193/000032019325000079/FilingSummary.xml HTTP/1.1" 200 3942
2026-02-19 23:43:59,094 - DEBUG - Starting new HTTPS connection (1): www.sec.gov:443
2026-02-19 23:43:59,363 - DEBUG - https://www.sec.gov:443 "GET /Archives/edgar/data/320193/000032019325000073/FilingSummary.xml HTTP/1.1" 200 2785
2026-02-19 23:43:59,376 - DEBUG - Starting new HTTPS connection (1): www.sec.gov:443
2026-02-19 23:43:59,688 - DEBUG - https://www.sec.gov:443 "GET /Archives/edgar/data/320193/000032019325000057/FilingSummary.xml HTTP/1.1" 200 2682
2026-02-19 23:43:59,700 - DEBUG - Starting new HTTPS connection (1): www.sec.gov:443
2026-02-19 23:43:59,978 - DEBUG - https://www.sec.gov:443 "GET /Archives/edgar/data/320193/000032019325000008/FilingSummary.xml HTTP/1.1" 200 2664
2026-02-19 23:43:59,990 - DEBUG - Starting new HTTPS connection (1): www.sec.gov:443
2026-02-19 23:44:00,272 - DEBUG - https://www.sec.gov:443 "GET /Archives/edgar/data/320193/000032019324000123/FilingSummary.xml HTTP/1.1" 200 4124
2026-02-19 23:44:00,290 - DEBUG - Starting new HTTPS connection (1): www.sec.gov:443
2026-02-19 23:44:00,555 - DEBUG - https://www.sec.gov:443 "GET /Archives/edgar/data/320193/000032019324000081/FilingSummary.xml HTTP/1.1" 200 2958
2026-02-19 23:44:00,569 - DEBUG - Starting new HTTPS connection (1): www.sec.gov:443
2026-02-19 23:44:00,851 - DEBUG - https://www.sec.gov:443 "GET /Archives/edgar/data/320193/000032019324000069/FilingSummary.xml HTTP/1.1" 200 3067
2026-02-19 23:44:00,885 - DEBUG - Starting new HTTPS connection (1): www.sec.gov:443
2026-02-19 23:44:01,163 - DEBUG - https://www.sec.gov:443 "GET /Archives/edgar/data/320193/000032019324000006/FilingSummary.xml HTTP/1.1" 200 2866
2026-02-19 23:44:01,176 - DEBUG - Starting new HTTPS connection (1): www.sec.gov:443
2026-02-19 23:44:01,461 - DEBUG - https://www.sec.gov:443 "GET /Archives/edgar/data/320193/000032019323000106/FilingSummary.xml HTTP/1.1" 200 4148
2026-02-19 23:44:01,479 - DEBUG - Starting new HTTPS connection (1): www.sec.gov:443
2026-02-19 23:44:01,746 - DEBUG - https://www.sec.gov:443 "GET /Archives/edgar/data/320193/000032019323000077/FilingSummary.xml HTTP/1.1" 200 3403
2026-02-19 23:44:01,760 - DEBUG - Starting new HTTPS connection (1): www.sec.gov:443
2026-02-19 23:44:02,107 - DEBUG - https://www.sec.gov:443 "GET /Archives/edgar/data/320193/000032019323000064/FilingSummary.xml HTTP/1.1" 200 3264
2026-02-19 23:44:02,122 - DEBUG - Starting new HTTPS connection (1): www.sec.gov:443
2026-02-19 23:44:02,394 - DEBUG - https://www.sec.gov:443 "GET /Archives/edgar/data/320193/000032019323000006/FilingSummary.xml HTTP/1.1" 200 3205
2026-02-19 23:44:02,409 - DEBUG - Starting new HTTPS connection (1): www.sec.gov:443
2026-02-19 23:44:02,685 - DEBUG - https://www.sec.gov:443 "GET /Archives/edgar/data/320193/000032019322000108/FilingSummary.xml HTTP/1.1" 200 4139
2026-02-19 23:44:02,703 - DEBUG - Starting new HTTPS connection (1): www.sec.gov:443
2026-02-19 23:44:02,967 - DEBUG - https://www.sec.gov:443 "GET /Archives/edgar/data/320193/000032019322000070/FilingSummary.xml HTTP/1.1" 200 3041
2026-02-19 23:44:02,979 - DEBUG - Starting new HTTPS connection (1): www.sec.gov:443
2026-02-19 23:44:03,894 - DEBUG - https://www.sec.gov:443 "GET /Archives/edgar/data/320193/000032019322000059/FilingSummary.xml HTTP/1.1" 200 3041
2026-02-19 23:44:03,911 - DEBUG - Starting new HTTPS connection (1): www.sec.gov:443
2026-02-19 23:44:04,193 - DEBUG - https://www.sec.gov:443 "GET /Archives/edgar/data/320193/000032019322000007/FilingSummary.xml HTTP/1.1" 200 3035
2026-02-19 23:44:04,206 - DEBUG - Starting new HTTPS connection (1): www.sec.gov:443
2026-02-19 23:44:04,469 - DEBUG - https://www.sec.gov:443 "GET /Archives/edgar/data/320193/000032019321000105/FilingSummary.xml HTTP/1.1" 200 3855
2026-02-19 23:44:04,484 - DEBUG - Starting new HTTPS connection (1): www.sec.gov:443
2026-02-19 23:44:04,735 - DEBUG - https://www.sec.gov:443 "GET /Archives/edgar/data/320193/000032019321000065/FilingSummary.xml HTTP/1.1" 200 3552
2026-02-19 23:44:04,762 - DEBUG - Starting new HTTPS connection (1): www.sec.gov:443
2026-02-19 23:44:05,022 - DEBUG - https://www.sec.gov:443 "GET /Archives/edgar/data/320193/000032019321000056/FilingSummary.xml HTTP/1.1" 200 3592
2026-02-19 23:44:05,036 - DEBUG - Starting new HTTPS connection (1): www.sec.gov:443
2026-02-19 23:44:05,320 - DEBUG - https://www.sec.gov:443 "GET /Archives/edgar/data/320193/000032019321000010/FilingSummary.xml HTTP/1.1" 200 3508
2026-02-19 23:44:05,338 - DEBUG - Starting new HTTPS connection (1): www.sec.gov:443
2026-02-19 23:44:05,616 - DEBUG - https://www.sec.gov:443 "GET /Archives/edgar/data/320193/000032019320000096/FilingSummary.xml HTTP/1.1" 200 4342
2026-02-19 23:44:05,636 - DEBUG - Starting new HTTPS connection (1): www.sec.gov:443
2026-02-19 23:44:05,916 - DEBUG - https://www.sec.gov:443 "GET /Archives/edgar/data/320193/000032019320000062/FilingSummary.xml HTTP/1.1" 200 3735
2026-02-19 23:44:05,949 - DEBUG - Starting new HTTPS connection (1): www.sec.gov:443
2026-02-19 23:44:06,217 - DEBUG - https://www.sec.gov:443 "GET /Archives/edgar/data/320193/000032019320000052/FilingSummary.xml HTTP/1.1" 200 3691
2026-02-19 23:44:06,235 - DEBUG - Starting new HTTPS connection (1): www.sec.gov:443
2026-02-19 23:44:06,526 - DEBUG - https://www.sec.gov:443 "GET /Archives/edgar/data/320193/000032019320000010/FilingSummary.xml HTTP/1.1" 200 3702
2026-02-19 23:44:06,544 - DEBUG - Starting new HTTPS connection (1): www.sec.gov:443
2026-02-19 23:44:06,855 - DEBUG - https://www.sec.gov:443 "GET /Archives/edgar/data/320193/000032019319000119/FilingSummary.xml HTTP/1.1" 200 4194
2026-02-19 23:44:06,874 - DEBUG - Starting new HTTPS connection (1): www.sec.gov:443
2026-02-19 23:44:07,171 - DEBUG - https://www.sec.gov:443 "GET /Archives/edgar/data/320193/000032019319000076/FilingSummary.xml HTTP/1.1" 200 3527
2026-02-19 23:44:07,189 - DEBUG - Starting new HTTPS connection (1): www.sec.gov:443
2026-02-19 23:44:07,536 - DEBUG - https://www.sec.gov:443 "GET /Archives/edgar/data/320193/000032019319000066/FilingSummary.xml HTTP/1.1" 200 3533
2026-02-19 23:44:07,583 - DEBUG - Starting new HTTPS connection (1): www.sec.gov:443
2026-02-19 23:44:07,891 - DEBUG - https://www.sec.gov:443 "GET /Archives/edgar/data/320193/000032019319000010/FilingSummary.xml HTTP/1.1" 200 3425
2026-02-19 23:44:07,906 - DEBUG - Starting new HTTPS connection (1): www.sec.gov:443
2026-02-19 23:44:08,271 - DEBUG - https://www.sec.gov:443 "GET /Archives/edgar/data/320193/000032019318000145/FilingSummary.xml HTTP/1.1" 200 3842
2026-02-19 23:44:08,289 - DEBUG - Starting new HTTPS connection (1): www.sec.gov:443
2026-02-19 23:44:08,693 - DEBUG - https://www.sec.gov:443 "GET /Archives/edgar/data/320193/000032019318000100/FilingSummary.xml HTTP/1.1" 200 3109
2026-02-19 23:44:08,720 - DEBUG - Starting new HTTPS connection (1): www.sec.gov:443
2026-02-19 23:44:08,995 - DEBUG - https://www.sec.gov:443 "GET /Archives/edgar/data/320193/000032019318000070/FilingSummary.xml HTTP/1.1" 200 3293
2026-02-19 23:44:09,009 - DEBUG - Starting new HTTPS connection (1): www.sec.gov:443
2026-02-19 23:44:09,313 - DEBUG - https://www.sec.gov:443 "GET /Archives/edgar/data/320193/000032019318000007/FilingSummary.xml HTTP/1.1" 200 3383
2026-02-19 23:44:09,329 - DEBUG - Starting new HTTPS connection (1): www.sec.gov:443
2026-02-19 23:44:09,621 - DEBUG - https://www.sec.gov:443 "GET /Archives/edgar/data/320193/000032019317000070/FilingSummary.xml HTTP/1.1" 200 4166
2026-02-19 23:44:09,639 - DEBUG - Starting new HTTPS connection (1): www.sec.gov:443
2026-02-19 23:44:09,918 - DEBUG - https://www.sec.gov:443 "GET /Archives/edgar/data/320193/000032019317000009/FilingSummary.xml HTTP/1.1" 200 3281
2026-02-19 23:44:09,934 - DEBUG - Starting new HTTPS connection (1): www.sec.gov:443
2026-02-19 23:44:10,215 - DEBUG - https://www.sec.gov:443 "GET /Archives/edgar/data/320193/000162828017004790/FilingSummary.xml HTTP/1.1" 200 3278
2026-02-19 23:44:10,231 - DEBUG - Starting new HTTPS connection (1): www.sec.gov:443
2026-02-19 23:44:10,519 - DEBUG - https://www.sec.gov:443 "GET /Archives/edgar/data/320193/000162828017000717/FilingSummary.xml HTTP/1.1" 200 3463
2026-02-19 23:44:10,538 - DEBUG - Starting new HTTPS connection (1): www.sec.gov:443
2026-02-19 23:44:10,830 - DEBUG - https://www.sec.gov:443 "GET /Archives/edgar/data/320193/000162828016020309/FilingSummary.xml HTTP/1.1" 200 4275
2026-02-19 23:44:10,851 - DEBUG - Starting new HTTPS connection (1): www.sec.gov:443
2026-02-19 23:44:11,125 - DEBUG - https://www.sec.gov:443 "GET /Archives/edgar/data/320193/000162828016017809/FilingSummary.xml HTTP/1.1" 200 3494
2026-02-19 23:44:11,143 - DEBUG - Starting new HTTPS connection (1): www.sec.gov:443
2026-02-19 23:44:11,430 - DEBUG - https://www.sec.gov:443 "GET /Archives/edgar/data/320193/000119312516559625/FilingSummary.xml HTTP/1.1" 200 3418
2026-02-19 23:44:11,444 - DEBUG - Starting new HTTPS connection (1): www.sec.gov:443
2026-02-19 23:44:11,714 - DEBUG - https://www.sec.gov:443 "GET /Archives/edgar/data/320193/000119312516439878/FilingSummary.xml HTTP/1.1" 200 3412
2026-02-19 23:44:11,731 - DEBUG - Starting new HTTPS connection (1): www.sec.gov:443
2026-02-19 23:44:12,007 - DEBUG - https://www.sec.gov:443 "GET /Archives/edgar/data/320193/000119312515356351/FilingSummary.xml HTTP/1.1" 200 4497
2026-02-19 23:44:12,024 - DEBUG - Starting new HTTPS connection (1): www.sec.gov:443
2026-02-19 23:44:12,298 - DEBUG - https://www.sec.gov:443 "GET /Archives/edgar/data/320193/000119312515259935/FilingSummary.xml HTTP/1.1" 200 3704
2026-02-19 23:44:12,317 - DEBUG - Starting new HTTPS connection (1): www.sec.gov:443
2026-02-19 23:44:12,590 - DEBUG - https://www.sec.gov:443 "GET /Archives/edgar/data/320193/000119312515153166/FilingSummary.xml HTTP/1.1" 200 3716
2026-02-19 23:44:12,604 - DEBUG - Starting new HTTPS connection (1): www.sec.gov:443
2026-02-19 23:44:12,900 - DEBUG - https://www.sec.gov:443 "GET /Archives/edgar/data/320193/000119312515023697/FilingSummary.xml HTTP/1.1" 200 3449
2026-02-19 23:44:12,914 - DEBUG - Starting new HTTPS connection (1): www.sec.gov:443
2026-02-19 23:44:13,190 - DEBUG - https://www.sec.gov:443 "GET /Archives/edgar/data/320193/000119312514383437/FilingSummary.xml HTTP/1.1" 200 4444
2026-02-19 23:44:13,205 - DEBUG - Starting new HTTPS connection (1): www.sec.gov:443
2026-02-19 23:44:13,481 - DEBUG - https://www.sec.gov:443 "GET /Archives/edgar/data/320193/000119312514277160/FilingSummary.xml HTTP/1.1" 200 3514
2026-02-19 23:44:13,495 - DEBUG - Starting new HTTPS connection (1): www.sec.gov:443
2026-02-19 23:44:13,752 - DEBUG - https://www.sec.gov:443 "GET /Archives/edgar/data/320193/000119312514157311/FilingSummary.xml HTTP/1.1" 200 3493
2026-02-19 23:44:13,764 - DEBUG - Starting new HTTPS connection (1): www.sec.gov:443
2026-02-19 23:44:14,043 - DEBUG - https://www.sec.gov:443 "GET /Archives/edgar/data/320193/000119312514024487/FilingSummary.xml HTTP/1.1" 200 3314
2026-02-19 23:44:14,085 - DEBUG - Starting new HTTPS connection (1): www.sec.gov:443
2026-02-19 23:44:14,391 - DEBUG - https://www.sec.gov:443 "GET /Archives/edgar/data/320193/000119312513416534/FilingSummary.xml HTTP/1.1" 200 4090
2026-02-19 23:44:14,405 - DEBUG - Starting new HTTPS connection (1): www.sec.gov:443
2026-02-19 23:44:14,672 - DEBUG - https://www.sec.gov:443 "GET /Archives/edgar/data/320193/000119312513300670/FilingSummary.xml HTTP/1.1" 200 3236
2026-02-19 23:44:14,684 - DEBUG - Starting new HTTPS connection (1): www.sec.gov:443
2026-02-19 23:44:14,967 - DEBUG - https://www.sec.gov:443 "GET /Archives/edgar/data/320193/000119312513168288/FilingSummary.xml HTTP/1.1" 200 2786
2026-02-19 23:44:14,977 - DEBUG - Starting new HTTPS connection (1): www.sec.gov:443
2026-02-19 23:44:15,255 - DEBUG - https://www.sec.gov:443 "GET /Archives/edgar/data/320193/000119312513022339/FilingSummary.xml HTTP/1.1" 200 2782
2026-02-19 23:44:15,266 - DEBUG - Starting new HTTPS connection (1): www.sec.gov:443
2026-02-19 23:44:15,554 - DEBUG - https://www.sec.gov:443 "GET /Archives/edgar/data/320193/000119312512444068/FilingSummary.xml HTTP/1.1" 200 3549
2026-02-19 23:44:15,568 - DEBUG - Starting new HTTPS connection (1): www.sec.gov:443
2026-02-19 23:44:15,852 - DEBUG - https://www.sec.gov:443 "GET /Archives/edgar/data/320193/000119312512314552/FilingSummary.xml HTTP/1.1" 200 2860
2026-02-19 23:44:15,865 - DEBUG - Starting new HTTPS connection (1): www.sec.gov:443
2026-02-19 23:44:16,199 - DEBUG - https://www.sec.gov:443 "GET /Archives/edgar/data/320193/000119312512182321/FilingSummary.xml HTTP/1.1" 200 2833
2026-02-19 23:44:16,209 - DEBUG - Starting new HTTPS connection (1): www.sec.gov:443
2026-02-19 23:44:16,506 - DEBUG - https://www.sec.gov:443 "GET /Archives/edgar/data/320193/000119312512023398/FilingSummary.xml HTTP/1.1" 200 2719
2026-02-19 23:44:16,517 - DEBUG - Starting new HTTPS connection (1): www.sec.gov:443
2026-02-19 23:44:16,804 - DEBUG - https://www.sec.gov:443 "GET /Archives/edgar/data/320193/000119312511282113/FilingSummary.xml HTTP/1.1" 200 3724
2026-02-19 23:44:16,817 - DEBUG - Starting new HTTPS connection (1): www.sec.gov:443
2026-02-19 23:44:17,095 - DEBUG - https://www.sec.gov:443 "GET /Archives/edgar/data/320193/000119312511192493/FilingSummary.xml HTTP/1.1" 200 2838
2026-02-19 23:44:17,106 - DEBUG - Starting new HTTPS connection (1): www.sec.gov:443
2026-02-19 23:44:17,409 - DEBUG - https://www.sec.gov:443 "GET /Archives/edgar/data/320193/000119312511104388/FilingSummary.xml HTTP/1.1" 200 3223
2026-02-19 23:44:17,424 - DEBUG - Starting new HTTPS connection (1): www.sec.gov:443
2026-02-19 23:44:17,731 - DEBUG - https://www.sec.gov:443 "GET /Archives/edgar/data/320193/000119312511010144/FilingSummary.xml HTTP/1.1" 200 3633
2026-02-19 23:44:17,749 - DEBUG - Starting new HTTPS connection (1): www.sec.gov:443
2026-02-19 23:44:18,031 - DEBUG - https://www.sec.gov:443 "GET /Archives/edgar/data/320193/000119312510238044/FilingSummary.xml HTTP/1.1" 200 5372
2026-02-19 23:44:18,061 - DEBUG - Starting new HTTPS connection (1): www.sec.gov:443
2026-02-19 23:44:18,405 - DEBUG - https://www.sec.gov:443 "GET /Archives/edgar/data/320193/000119312510162840/FilingSummary.xml HTTP/1.1" 200 3872
2026-02-19 23:44:18,428 - DEBUG - Starting new HTTPS connection (1): www.sec.gov:443
2026-02-19 23:44:18,724 - DEBUG - https://www.sec.gov:443 "GET /Archives/edgar/data/320193/000119312510088957/FilingSummary.xml HTTP/1.1" 200 1273
2026-02-19 23:44:18,735 - DEBUG - Starting new HTTPS connection (1): www.sec.gov:443
2026-02-19 23:44:19,036 - DEBUG - https://www.sec.gov:443 "GET /Archives/edgar/data/320193/000119312510012085/FilingSummary.xml HTTP/1.1" 200 1060
2026-02-19 23:44:19,042 - DEBUG - Starting new HTTPS connection (1): www.sec.gov:443
2026-02-19 23:44:19,385 - DEBUG - https://www.sec.gov:443 "GET /Archives/edgar/data/320193/000119312509214859/FilingSummary.xml HTTP/1.1" 200 1301
2026-02-19 23:44:19,393 - DEBUG - Starting new HTTPS connection (1): www.sec.gov:443
2026-02-19 23:44:19,680 - DEBUG - https://www.sec.gov:443 "GET /Archives/edgar/data/320193/000119312509153165/FilingSummary.xml HTTP/1.1" 200 753
2026-02-19 23:44:19,684 - DEBUG - Starting new HTTPS connection (1): www.sec.gov:443
2026-02-19 23:44:20,040 - DEBUG - https://www.sec.gov:443 "GET /Archives/edgar/data/320193/000119312509085781/FilingSummary.xml HTTP/1.1" 404 279
2026-02-19 23:44:20,041 - ERROR - Exception on /filings/AAPL [GET]
Traceback (most recent call last):
  File "c:\Users\vvmeh\Desktop\Code\edgar-export\app\Stock.py", line 47, in _init_filings
    data = self.client.get_filing_data(self.cik, filing["accn"])
           ^^^^^^^^^^^^^^^^^^^^^^^^^^^^^^^^^^^^^^^^^^^^^^^^^^^^^
  File "c:\Users\vvmeh\Desktop\Code\edgar-export\app\Client.py", line 151, in get_filing_data
    filing_summary_resp.raise_for_status()
  File "c:\Users\vvmeh\Desktop\Code\edgar-export\.venv\Lib\site-packages\requests\models.py", line 1026, in raise_for_status
    raise HTTPError(http_error_msg, response=self)
requests.exceptions.HTTPError: 404 Client Error: Not Found for url: https://www.sec.gov/Archives/edgar/data/320193/000119312509085781/FilingSummary.xml

During handling of the above exception, another exception occurred:

Traceback (most recent call last):
  File "c:\Users\vvmeh\Desktop\Code\edgar-export\routes.py", line 81, in filings
    stock = get_stock(ticker)
            ^^^^^^^^^^^^^^^^^
  File "c:\Users\vvmeh\Desktop\Code\edgar-export\routes.py", line 44, in get_stock
    stock_cache[cache_key] = Stock(ticker=ticker, client=client)
                             ^^^^^^^^^^^^^^^^^^^^^^^^^^^^^^^^^^^
  File "c:\Users\vvmeh\Desktop\Code\edgar-export\app\Stock.py", line 31, in __init__
    self.filings = self._init_filings(filing_forms)
                   ^^^^^^^^^^^^^^^^^^^^^^^^^^^^^^^^
  File "c:\Users\vvmeh\Desktop\Code\edgar-export\app\Stock.py", line 55, in _init_filings
    {traceback.format_exc(e)}")
     ^^^^^^^^^^^^^^^^^^^^^^^
  File "C:\Users\vvmeh\AppData\Local\Programs\Python\Python312\Lib\traceback.py", line 184, in format_exc
    return "".join(format_exception(sys.exception(), limit=limit, chain=chain))
                   ^^^^^^^^^^^^^^^^^^^^^^^^^^^^^^^^^^^^^^^^^^^^^^^^^^^^^^^^^^^
  File "C:\Users\vvmeh\AppData\Local\Programs\Python\Python312\Lib\traceback.py", line 139, in format_exception
    te = TracebackException(type(value), value, tb, limit=limit, compact=True)
         ^^^^^^^^^^^^^^^^^^^^^^^^^^^^^^^^^^^^^^^^^^^^^^^^^^^^^^^^^^^^^^^^^^^^^
  File "C:\Users\vvmeh\AppData\Local\Programs\Python\Python312\Lib\traceback.py", line 733, in __init__
    self.stack = StackSummary._extract_from_extended_frame_gen(
                 ^^^^^^^^^^^^^^^^^^^^^^^^^^^^^^^^^^^^^^^^^^^^^^
  File "C:\Users\vvmeh\AppData\Local\Programs\Python\Python312\Lib\traceback.py", line 411, in _extract_from_extended_frame_gen
    if limit >= 0:
       ^^^^^^^^^^
TypeError: '>=' not supported between instances of 'HTTPError' and 'int'

During handling of the above exception, another exception occurred:

Traceback (most recent call last):
  File "c:\Users\vvmeh\Desktop\Code\edgar-export\.venv\Lib\site-packages\flask\app.py", line 1511, in wsgi_app
    response = self.full_dispatch_request()
               ^^^^^^^^^^^^^^^^^^^^^^^^^^^^
  File "c:\Users\vvmeh\Desktop\Code\edgar-export\.venv\Lib\site-packages\flask\app.py", line 919, in full_dispatch_request
    rv = self.handle_user_exception(e)
         ^^^^^^^^^^^^^^^^^^^^^^^^^^^^^
  File "c:\Users\vvmeh\Desktop\Code\edgar-export\.venv\Lib\site-packages\flask\app.py", line 917, in full_dispatch_request
    rv = self.dispatch_request()
         ^^^^^^^^^^^^^^^^^^^^^^^
  File "c:\Users\vvmeh\Desktop\Code\edgar-export\.venv\Lib\site-packages\flask\app.py", line 902, in dispatch_request
    return self.ensure_sync(self.view_functions[rule.endpoint])(**view_args)  # type: ignore[no-any-return]
           ^^^^^^^^^^^^^^^^^^^^^^^^^^^^^^^^^^^^^^^^^^^^^^^^^^^^^^^^^^^^^^^^^
  File "c:\Users\vvmeh\Desktop\Code\edgar-export\routes.py", line 98, in filings
    {traceback.format_exc(e)}")
     ^^^^^^^^^^^^^^^^^^^^^^^
  File "C:\Users\vvmeh\AppData\Local\Programs\Python\Python312\Lib\traceback.py", line 184, in format_exc
    return "".join(format_exception(sys.exception(), limit=limit, chain=chain))
                   ^^^^^^^^^^^^^^^^^^^^^^^^^^^^^^^^^^^^^^^^^^^^^^^^^^^^^^^^^^^
  File "C:\Users\vvmeh\AppData\Local\Programs\Python\Python312\Lib\traceback.py", line 139, in format_exception
    te = TracebackException(type(value), value, tb, limit=limit, compact=True)
         ^^^^^^^^^^^^^^^^^^^^^^^^^^^^^^^^^^^^^^^^^^^^^^^^^^^^^^^^^^^^^^^^^^^^^
  File "C:\Users\vvmeh\AppData\Local\Programs\Python\Python312\Lib\traceback.py", line 733, in __init__
    self.stack = StackSummary._extract_from_extended_frame_gen(
                 ^^^^^^^^^^^^^^^^^^^^^^^^^^^^^^^^^^^^^^^^^^^^^^
  File "C:\Users\vvmeh\AppData\Local\Programs\Python\Python312\Lib\traceback.py", line 411, in _extract_from_extended_frame_gen
    if limit >= 0:
       ^^^^^^^^^^
TypeError: '>=' not supported between instances of 'TypeError' and 'int'
2026-02-19 23:44:20,043 - INFO - 127.0.0.1 - - [19/Feb/2026 23:44:20] "[35m[1mGET /filings/AAPL HTTP/1.1[0m" 500 -
